<?xml version="1.0" encoding="UTF-8"?>
<!-- Generated by org.testng.reporters.JUnitReportReporter -->
<testsuite hostname="DESKTOP-LD72JHT" failures="0" tests="2" name="com.HRM.Testcases.LaunchBrowser" time="3.950" errors="0" timestamp="2021-12-06T08:55:32 IST" skipped="0">
  <testcase classname="com.HRM.Testcases.LaunchBrowser" name="Login" time="3.920"/>
  <system-out/>
  <testcase classname="com.HRM.Testcases.LaunchBrowser" name="Checktitle" time="0.030"/>
  <system-out/>
</testsuite> <!-- com.HRM.Testcases.LaunchBrowser -->
