<?xml version="1.0" encoding="UTF-8"?>
<!-- Generated by org.testng.reporters.JUnitReportReporter -->
<testsuite skipped="0" hostname="DESKTOP-LD72JHT" name="com.HRM.Testcases.LaunchBrowser" tests="2" failures="0" timestamp="2021-12-06T09:00:42 IST" time="3.942" errors="0">
  <testcase name="Checktitle" time="0.009" classname="com.HRM.Testcases.LaunchBrowser"/>
  <system-out/>
  <testcase name="Login" time="3.933" classname="com.HRM.Testcases.LaunchBrowser"/>
  <system-out/>
</testsuite> <!-- com.HRM.Testcases.LaunchBrowser -->
